{
  "RSpec": {
    "coverage": {
      "/Users/JiveTurkey/turing/2module/timed_challenges/students/spec/features/students/edit_page_spec.rb": [
        1,
        null,
        1,
        1,
        1,
        1,
        null,
        1,
        1,
        1,
        null,
        1,
        null,
        1,
        null,
        1,
        null,
        1,
        null,
        1,
        1,
        1,
        null,
        null,
        null
      ],
      "/Users/JiveTurkey/turing/2module/timed_challenges/students/spec/rails_helper.rb": [
        null,
        1,
        1,
        1,
        null,
        1,
        1,
        null,
        null,
        null,
        null,
        null,
        null,
        null,
        null,
        null,
        null,
        null,
        null,
        null,
        null,
        null,
        null,
        null,
        null,
        null,
        1,
        null,
        1,
        1,
        1,
        1,
        null,
        null,
        null,
        1,
        null,
        1,
        null,
        null,
        null,
        null,
        1,
        null,
        null,
        null,
        null,
        null,
        null,
        null,
        null,
        null,
        null,
        null,
        null,
        null,
        null,
        1,
        null,
        null,
        1,
        null,
        null,
        null
      ],
      "/Users/JiveTurkey/turing/2module/timed_challenges/students/config/environment.rb": [
        null,
        1,
        null,
        null,
        1
      ],
      "/Users/JiveTurkey/turing/2module/timed_challenges/students/config/application.rb": [
        1,
        null,
        1,
        null,
        1,
        1,
        1,
        1,
        1,
        1,
        1,
        1,
        null,
        null,
        null,
        null,
        1,
        null,
        1,
        1,
        null,
        1,
        null,
        null,
        null,
        null,
        null,
        null,
        1,
        null,
        null
      ],
      "/Users/JiveTurkey/turing/2module/timed_challenges/students/config/boot.rb": [
        1,
        null,
        1
      ],
      "/Users/JiveTurkey/turing/2module/timed_challenges/students/config/environments/test.rb": [
        1,
        null,
        null,
        null,
        null,
        null,
        null,
        1,
        null,
        null,
        null,
        null,
        1,
        null,
        null,
        1,
        1,
        null,
        null,
        null,
        null,
        1,
        1,
        null,
        null,
        1,
        null,
        null,
        1,
        1,
        null,
        null,
        null,
        null,
        1,
        null,
        null,
        1,
        null,
        null,
        null,
        null
      ],
      "/Users/JiveTurkey/turing/2module/timed_challenges/students/config/initializers/application_controller_renderer.rb": [
        null,
        null,
        null,
        null,
        null,
        null,
        null,
        null
      ],
      "/Users/JiveTurkey/turing/2module/timed_challenges/students/config/initializers/assets.rb": [
        null,
        null,
        null,
        1,
        null,
        null,
        null,
        null,
        1,
        null,
        null,
        null,
        null,
        null
      ],
      "/Users/JiveTurkey/turing/2module/timed_challenges/students/config/initializers/backtrace_silencers.rb": [
        null,
        null,
        null,
        null,
        null,
        null,
        null
      ],
      "/Users/JiveTurkey/turing/2module/timed_challenges/students/config/initializers/cookies_serializer.rb": [
        null,
        null,
        null,
        null,
        1
      ],
      "/Users/JiveTurkey/turing/2module/timed_challenges/students/config/initializers/filter_parameter_logging.rb": [
        null,
        null,
        null,
        1
      ],
      "/Users/JiveTurkey/turing/2module/timed_challenges/students/config/initializers/inflections.rb": [
        null,
        null,
        null,
        null,
        null,
        null,
        null,
        null,
        null,
        null,
        null,
        null,
        null,
        null,
        null,
        null
      ],
      "/Users/JiveTurkey/turing/2module/timed_challenges/students/config/initializers/mime_types.rb": [
        null,
        null,
        null,
        null
      ],
      "/Users/JiveTurkey/turing/2module/timed_challenges/students/config/initializers/wrap_parameters.rb": [
        null,
        null,
        null,
        null,
        null,
        null,
        1,
        2,
        null,
        null,
        null,
        null,
        null,
        null
      ],
      "/Users/JiveTurkey/turing/2module/timed_challenges/students/config/routes.rb": [
        1,
        null,
        1,
        null
      ],
      "/Users/JiveTurkey/turing/2module/timed_challenges/students/app/helpers/application_helper.rb": [
        1,
        null
      ],
      "/Users/JiveTurkey/turing/2module/timed_challenges/students/spec/features/students/index_page_spec.rb": [
        1,
        null,
        1,
        1,
        2,
        2,
        null,
        1,
        1,
        null,
        1,
        1,
        1,
        1,
        null,
        null,
        1,
        1,
        null,
        1,
        null,
        1,
        1,
        null,
        null,
        1,
        1,
        null,
        null
      ],
      "/Users/JiveTurkey/turing/2module/timed_challenges/students/spec/features/students/new_page_spec.rb": [
        1,
        null,
        1,
        1,
        1,
        null,
        1,
        null,
        1,
        null,
        1,
        1,
        null,
        1,
        null,
        1,
        null,
        1,
        1,
        null,
        null
      ],
      "/Users/JiveTurkey/turing/2module/timed_challenges/students/spec/features/students/show_page_spec.rb": [
        1,
        null,
        1,
        1,
        1,
        1,
        null,
        1,
        1,
        null,
        1,
        1,
        null,
        null
      ],
      "/Users/JiveTurkey/turing/2module/timed_challenges/students/spec/models/student_spec.rb": [
        1,
        null,
        1,
        1,
        1,
        1,
        1,
        1,
        null,
        null,
        null,
        1,
        1,
        1,
        1,
        null,
        null,
        null,
        null,
        1,
        null,
        null,
        1,
        null,
        null
      ],
      "/Users/JiveTurkey/turing/2module/timed_challenges/students/app/models/student.rb": [
        1,
        1,
        null
      ],
      "/Users/JiveTurkey/turing/2module/timed_challenges/students/app/models/application_record.rb": [
        1,
        1,
        null
      ],
      "/Users/JiveTurkey/turing/2module/timed_challenges/students/app/controllers/students_controller.rb": [
        1,
        1,
        5,
        null,
        null,
        1,
        1,
        null,
        null,
        1,
        1,
        null,
        null,
        1,
        1,
        1,
        1,
        null,
        null,
        1,
        1,
        1,
        1,
        null,
        null,
        1,
        3,
        null,
        null,
        1,
        1,
        1,
        1,
        null,
        null,
        1,
        1,
        2,
        null,
        null
      ],
      "/Users/JiveTurkey/turing/2module/timed_challenges/students/app/controllers/application_controller.rb": [
        1,
        1,
        null
      ]
    },
    "timestamp": 1531368328
  }
}
